[2025-06-28T23:27:11.293+0000] {processor.py:161} INFO - Started process (PID=163) to work on /opt/airflow/dags/ping.py
[2025-06-28T23:27:11.301+0000] {processor.py:830} INFO - Processing file /opt/airflow/dags/ping.py for tasks to queue
[2025-06-28T23:27:11.311+0000] {logging_mixin.py:188} INFO - [2025-06-28T23:27:11.310+0000] {dagbag.py:545} INFO - Filling up the DagBag from /opt/airflow/dags/ping.py
[2025-06-28T23:27:11.351+0000] {processor.py:840} INFO - DAG(s) 'hello_airflow' retrieved from /opt/airflow/dags/ping.py
[2025-06-28T23:27:11.692+0000] {logging_mixin.py:188} INFO - [2025-06-28T23:27:11.690+0000] {override.py:1829} INFO - Created Permission View: can read on DAG:hello_airflow
[2025-06-28T23:27:11.704+0000] {logging_mixin.py:188} INFO - [2025-06-28T23:27:11.704+0000] {override.py:1829} INFO - Created Permission View: can delete on DAG:hello_airflow
[2025-06-28T23:27:11.709+0000] {logging_mixin.py:188} INFO - [2025-06-28T23:27:11.709+0000] {override.py:1829} INFO - Created Permission View: can edit on DAG:hello_airflow
[2025-06-28T23:27:11.710+0000] {logging_mixin.py:188} INFO - [2025-06-28T23:27:11.710+0000] {dag.py:3096} INFO - Sync 1 DAGs
[2025-06-28T23:27:11.722+0000] {logging_mixin.py:188} INFO - [2025-06-28T23:27:11.722+0000] {dag.py:3118} INFO - Creating ORM DAG for hello_airflow
[2025-06-28T23:27:11.722+0000] {logging_mixin.py:188} INFO - [2025-06-28T23:27:11.722+0000] {dag.py:3954} INFO - Setting next_dagrun for hello_airflow to None, run_after=None
[2025-06-28T23:27:11.734+0000] {processor.py:183} INFO - Processing /opt/airflow/dags/ping.py took 0.469 seconds
[2025-06-28T23:27:42.822+0000] {processor.py:161} INFO - Started process (PID=178) to work on /opt/airflow/dags/ping.py
[2025-06-28T23:27:42.824+0000] {processor.py:830} INFO - Processing file /opt/airflow/dags/ping.py for tasks to queue
[2025-06-28T23:27:42.830+0000] {logging_mixin.py:188} INFO - [2025-06-28T23:27:42.829+0000] {dagbag.py:545} INFO - Filling up the DagBag from /opt/airflow/dags/ping.py
[2025-06-28T23:27:42.848+0000] {processor.py:840} INFO - DAG(s) 'hello_airflow' retrieved from /opt/airflow/dags/ping.py
[2025-06-28T23:27:42.881+0000] {logging_mixin.py:188} INFO - [2025-06-28T23:27:42.881+0000] {dag.py:3096} INFO - Sync 1 DAGs
[2025-06-28T23:27:42.892+0000] {logging_mixin.py:188} INFO - [2025-06-28T23:27:42.892+0000] {dag.py:3954} INFO - Setting next_dagrun for hello_airflow to None, run_after=None
[2025-06-28T23:27:42.905+0000] {processor.py:183} INFO - Processing /opt/airflow/dags/ping.py took 0.099 seconds
[2025-06-28T23:28:13.513+0000] {processor.py:161} INFO - Started process (PID=189) to work on /opt/airflow/dags/ping.py
[2025-06-28T23:28:13.514+0000] {processor.py:830} INFO - Processing file /opt/airflow/dags/ping.py for tasks to queue
[2025-06-28T23:28:13.519+0000] {logging_mixin.py:188} INFO - [2025-06-28T23:28:13.518+0000] {dagbag.py:545} INFO - Filling up the DagBag from /opt/airflow/dags/ping.py
[2025-06-28T23:28:13.549+0000] {processor.py:840} INFO - DAG(s) 'hello_airflow' retrieved from /opt/airflow/dags/ping.py
[2025-06-28T23:28:13.622+0000] {logging_mixin.py:188} INFO - [2025-06-28T23:28:13.621+0000] {dag.py:3096} INFO - Sync 1 DAGs
[2025-06-28T23:28:13.655+0000] {logging_mixin.py:188} INFO - [2025-06-28T23:28:13.655+0000] {dag.py:3954} INFO - Setting next_dagrun for hello_airflow to None, run_after=None
[2025-06-28T23:28:13.678+0000] {processor.py:183} INFO - Processing /opt/airflow/dags/ping.py took 0.184 seconds
[2025-06-28T23:28:43.811+0000] {processor.py:161} INFO - Started process (PID=203) to work on /opt/airflow/dags/ping.py
[2025-06-28T23:28:43.813+0000] {processor.py:830} INFO - Processing file /opt/airflow/dags/ping.py for tasks to queue
[2025-06-28T23:28:43.819+0000] {logging_mixin.py:188} INFO - [2025-06-28T23:28:43.818+0000] {dagbag.py:545} INFO - Filling up the DagBag from /opt/airflow/dags/ping.py
[2025-06-28T23:28:43.841+0000] {processor.py:840} INFO - DAG(s) 'hello_airflow' retrieved from /opt/airflow/dags/ping.py
[2025-06-28T23:28:43.888+0000] {logging_mixin.py:188} INFO - [2025-06-28T23:28:43.888+0000] {dag.py:3096} INFO - Sync 1 DAGs
[2025-06-28T23:28:43.902+0000] {logging_mixin.py:188} INFO - [2025-06-28T23:28:43.902+0000] {dag.py:3954} INFO - Setting next_dagrun for hello_airflow to None, run_after=None
[2025-06-28T23:28:43.914+0000] {processor.py:183} INFO - Processing /opt/airflow/dags/ping.py took 0.122 seconds
[2025-06-28T23:29:14.232+0000] {processor.py:161} INFO - Started process (PID=214) to work on /opt/airflow/dags/ping.py
[2025-06-28T23:29:14.233+0000] {processor.py:830} INFO - Processing file /opt/airflow/dags/ping.py for tasks to queue
[2025-06-28T23:29:14.236+0000] {logging_mixin.py:188} INFO - [2025-06-28T23:29:14.236+0000] {dagbag.py:545} INFO - Filling up the DagBag from /opt/airflow/dags/ping.py
[2025-06-28T23:29:14.253+0000] {processor.py:840} INFO - DAG(s) 'hello_airflow' retrieved from /opt/airflow/dags/ping.py
[2025-06-28T23:29:14.317+0000] {logging_mixin.py:188} INFO - [2025-06-28T23:29:14.317+0000] {dag.py:3096} INFO - Sync 1 DAGs
[2025-06-28T23:29:14.334+0000] {logging_mixin.py:188} INFO - [2025-06-28T23:29:14.333+0000] {dag.py:3954} INFO - Setting next_dagrun for hello_airflow to None, run_after=None
[2025-06-28T23:29:14.346+0000] {processor.py:183} INFO - Processing /opt/airflow/dags/ping.py took 0.122 seconds
[2025-06-28T23:29:44.712+0000] {processor.py:161} INFO - Started process (PID=225) to work on /opt/airflow/dags/ping.py
[2025-06-28T23:29:44.717+0000] {processor.py:830} INFO - Processing file /opt/airflow/dags/ping.py for tasks to queue
[2025-06-28T23:29:44.721+0000] {logging_mixin.py:188} INFO - [2025-06-28T23:29:44.720+0000] {dagbag.py:545} INFO - Filling up the DagBag from /opt/airflow/dags/ping.py
[2025-06-28T23:29:44.738+0000] {processor.py:840} INFO - DAG(s) 'hello_airflow' retrieved from /opt/airflow/dags/ping.py
[2025-06-28T23:29:44.784+0000] {logging_mixin.py:188} INFO - [2025-06-28T23:29:44.784+0000] {dag.py:3096} INFO - Sync 1 DAGs
[2025-06-28T23:29:44.793+0000] {logging_mixin.py:188} INFO - [2025-06-28T23:29:44.793+0000] {dag.py:3954} INFO - Setting next_dagrun for hello_airflow to None, run_after=None
[2025-06-28T23:29:44.804+0000] {processor.py:183} INFO - Processing /opt/airflow/dags/ping.py took 0.106 seconds
