[2025-06-28T23:28:19.577+0000] {local_task_job_runner.py:120} INFO - ::group::Pre task execution logs
[2025-06-28T23:28:19.826+0000] {taskinstance.py:2076} INFO - Dependencies all met for dep_context=non-requeueable deps ti=<TaskInstance: daily_youtube_fetch.run_fetch_and_save manual__2025-06-28T23:28:17.909185+00:00 [queued]>
[2025-06-28T23:28:19.832+0000] {taskinstance.py:2076} INFO - Dependencies all met for dep_context=requeueable deps ti=<TaskInstance: daily_youtube_fetch.run_fetch_and_save manual__2025-06-28T23:28:17.909185+00:00 [queued]>
[2025-06-28T23:28:19.832+0000] {taskinstance.py:2306} INFO - Starting attempt 1 of 2
[2025-06-28T23:28:19.842+0000] {taskinstance.py:2330} INFO - Executing <Task(PythonOperator): run_fetch_and_save> on 2025-06-28 23:28:17.909185+00:00
[2025-06-28T23:28:19.863+0000] {logging_mixin.py:188} WARNING - /home/airflow/.local/lib/python3.12/site-packages/airflow/task/task_runner/standard_task_runner.py:61 DeprecationWarning: This process (pid=200) is multi-threaded, use of fork() may lead to deadlocks in the child.
[2025-06-28T23:28:19.866+0000] {standard_task_runner.py:63} INFO - Started process 202 to run task
[2025-06-28T23:28:19.863+0000] {standard_task_runner.py:90} INFO - Running: ['airflow', 'tasks', 'run', 'daily_youtube_fetch', 'run_fetch_and_save', 'manual__2025-06-28T23:28:17.909185+00:00', '--job-id', '18', '--raw', '--subdir', 'DAGS_FOLDER/daily_job.py', '--cfg-path', '/tmp/tmpfmbnpvw_']
[2025-06-28T23:28:19.868+0000] {standard_task_runner.py:91} INFO - Job 18: Subtask run_fetch_and_save
[2025-06-28T23:28:19.900+0000] {logging_mixin.py:188} WARNING - /home/airflow/.local/lib/python3.12/site-packages/airflow/settings.py:195 DeprecationWarning: The sql_alchemy_conn option in [core] has been moved to the sql_alchemy_conn option in [database] - the old setting has been used, but please update your config.
[2025-06-28T23:28:19.956+0000] {task_command.py:426} INFO - Running <TaskInstance: daily_youtube_fetch.run_fetch_and_save manual__2025-06-28T23:28:17.909185+00:00 [running]> on host a32ab7b31ae1
[2025-06-28T23:28:20.044+0000] {taskinstance.py:2648} INFO - Exporting env vars: AIRFLOW_CTX_DAG_OWNER='anis' AIRFLOW_CTX_DAG_ID='daily_youtube_fetch' AIRFLOW_CTX_TASK_ID='run_fetch_and_save' AIRFLOW_CTX_EXECUTION_DATE='2025-06-28T23:28:17.909185+00:00' AIRFLOW_CTX_TRY_NUMBER='1' AIRFLOW_CTX_DAG_RUN_ID='manual__2025-06-28T23:28:17.909185+00:00'
[2025-06-28T23:28:20.045+0000] {taskinstance.py:430} INFO - ::endgroup::
[2025-06-28T23:28:20.071+0000] {__init__.py:49} INFO - file_cache is only supported with oauth2client<4.0.0
[2025-06-28T23:28:20.082+0000] {fetcher.py:139} INFO - Fetching trending videos for region: US
[2025-06-28T23:28:20.869+0000] {fetcher.py:139} INFO - Fetching trending videos for region: CA
[2025-06-28T23:28:21.328+0000] {fetcher.py:139} INFO - Fetching trending videos for region: FR
[2025-06-28T23:28:21.872+0000] {db.py:53} INFO - [✓] Table 'youtube_trending' checked or created.
[2025-06-28T23:28:21.872+0000] {db.py:62} INFO - [→] Saving 150 records to 'youtube_trending'
[2025-06-28T23:28:21.932+0000] {db.py:64} INFO - [✓] Saved successfully.
[2025-06-28T23:28:21.934+0000] {python.py:237} INFO - Done. Returned value was: None
[2025-06-28T23:28:21.938+0000] {taskinstance.py:441} INFO - ::group::Post task execution logs
[2025-06-28T23:28:21.964+0000] {taskinstance.py:1206} INFO - Marking task as SUCCESS. dag_id=daily_youtube_fetch, task_id=run_fetch_and_save, run_id=manual__2025-06-28T23:28:17.909185+00:00, execution_date=20250628T232817, start_date=20250628T232819, end_date=20250628T232821
[2025-06-28T23:28:22.048+0000] {local_task_job_runner.py:240} INFO - Task exited with return code 0
[2025-06-28T23:28:22.125+0000] {taskinstance.py:3498} INFO - 0 downstream tasks scheduled from follow-on schedule check
[2025-06-28T23:28:22.127+0000] {local_task_job_runner.py:222} INFO - ::endgroup::
